<?xml version="1.0" encoding="UTF-8"?>
<!-- Generated by org.testng.reporters.JUnitReportReporter -->
<testsuite hostname="VBPC" failures="0" tests="1" name="day3.PathAndQueryParams" time="2.890" errors="0" timestamp="2024-06-26T12:59:20 IST" skipped="0">
  <testcase classname="day3.PathAndQueryParams" name="testparams" time="2.890"/>
</testsuite> <!-- day3.PathAndQueryParams -->
