<?xml version="1.0" encoding="UTF-8"?>
<!-- Generated by org.testng.reporters.JUnitReportReporter -->
<testsuite hostname="VBPC" failures="0" tests="2" name="day2.NewReqBodyPOST" time="2.077" errors="0" timestamp="2024-06-25T20:24:40 IST" skipped="0">
  <testcase classname="day2.NewReqBodyPOST" name="testPostUsingPOJOClass" time="2.011"/>
  <testcase classname="day2.NewReqBodyPOST" name="deletetest" time="0.066"/>
</testsuite> <!-- day2.NewReqBodyPOST -->
