<?xml version="1.0" encoding="UTF-8"?>
<!-- Generated by org.testng.reporters.JUnitReportReporter -->
<testsuite hostname="VBPC" failures="0" tests="4" name="day1.HttpRequests" time="4.830" errors="0" timestamp="2024-06-21T19:23:37 IST" skipped="0">
  <testcase classname="day1.HttpRequests" name="getUsers" time="3.153"/>
  <testcase classname="day1.HttpRequests" name="createUser" time="0.832"/>
  <testcase classname="day1.HttpRequests" name="updateUser" time="0.424"/>
  <testcase classname="day1.HttpRequests" name="deleteUser" time="0.421"/>
</testsuite> <!-- day1.HttpRequests -->
